<?xml version="1.0" encoding="UTF-8"?>
<testsuite name="com.vpt.scout.MainActivityRoutingTest" tests="4" skipped="0" failures="0" errors="0" timestamp="2026-04-25T04:34:51.957Z" hostname="noobsupreme" time="1.925">
  <properties/>
  <testcase name="launching main activity does not immediately start permission flow" classname="com.vpt.scout.MainActivityRoutingTest" time="1.872"/>
  <testcase name="initial proximity permission result only requires foreground location and notifications" classname="com.vpt.scout.MainActivityRoutingTest" time="0.016"/>
  <testcase name="extractRequestedRoute returns proximity route extra" classname="com.vpt.scout.MainActivityRoutingTest" time="0.018"/>
  <testcase name="initial proximity permission request excludes background location" classname="com.vpt.scout.MainActivityRoutingTest" time="0.018"/>
  <system-out><![CDATA[]]></system-out>
  <system-err><![CDATA[]]></system-err>
</testsuite>
