<?xml version="1.0" encoding="UTF-8"?>
<testsuite name="com.vpt.scout.MainActivityRoutingTest" tests="1" skipped="0" failures="0" errors="0" timestamp="2026-04-12T01:47:39.141Z" hostname="noobsupreme" time="0.472">
  <properties/>
  <testcase name="extractRequestedRoute returns proximity route extra" classname="com.vpt.scout.MainActivityRoutingTest" time="0.472"/>
  <system-out><![CDATA[WARNING: No manifest file found at ./AndroidManifest.xml.
Falling back to the Android OS resources only.
To remove this warning, annotate your test class with @Config(manifest=Config.NONE).
]]></system-out>
  <system-err><![CDATA[No such manifest file: ./AndroidManifest.xml
]]></system-err>
</testsuite>
